{
  "0 debug pnpm:scope": {
    "selected": 1
  },
  "1 info pnpm": {
    "err": {
      "name": "Error",
      "message": "not found: i]",
      "code": "ENOENT",
      "stack": "Error: not found: i]\n    at getNotFoundError (C:\\Users\\王俊杰\\AppData\\Roaming\\npm\\node_modules\\pnpm\\dist\\pnpm.cjs:41585:51)\n    at Function.whichSync [as sync] (C:\\Users\\王俊杰\\AppData\\Roaming\\npm\\node_modules\\pnpm\\dist\\pnpm.cjs:41662:13)\n    at getCommandAbsolutePathSync (C:\\Users\\王俊杰\\AppData\\Roaming\\npm\\node_modules\\pnpm\\dist\\pnpm.cjs:43227:44)\n    at default_1 (C:\\Users\\王俊杰\\AppData\\Roaming\\npm\\node_modules\\pnpm\\dist\\pnpm.cjs:43236:32)\n    at C:\\Users\\王俊杰\\AppData\\Roaming\\npm\\node_modules\\pnpm\\dist\\pnpm.cjs:178180:39"
    }
  },
  "2 error pnpm": {
    "code": "ERR_PNPM_RECURSIVE_EXEC_FIRST_FAIL",
    "prefix": "D:\\练习区\\网页\\白鹭播放器\\egretmusics",
    "err": {
      "name": "pnpm",
      "message": "not found: i]",
      "code": "ERR_PNPM_RECURSIVE_EXEC_FIRST_FAIL",
      "stack": "Error: not found: i]\n    at getNotFoundError (C:\\Users\\王俊杰\\AppData\\Roaming\\npm\\node_modules\\pnpm\\dist\\pnpm.cjs:41585:51)\n    at Function.whichSync [as sync] (C:\\Users\\王俊杰\\AppData\\Roaming\\npm\\node_modules\\pnpm\\dist\\pnpm.cjs:41662:13)\n    at getCommandAbsolutePathSync (C:\\Users\\王俊杰\\AppData\\Roaming\\npm\\node_modules\\pnpm\\dist\\pnpm.cjs:43227:44)\n    at default_1 (C:\\Users\\王俊杰\\AppData\\Roaming\\npm\\node_modules\\pnpm\\dist\\pnpm.cjs:43236:32)\n    at C:\\Users\\王俊杰\\AppData\\Roaming\\npm\\node_modules\\pnpm\\dist\\pnpm.cjs:178180:39"
    }
  }
}